2023-07-11 18:32:30,475 INFO o.a.j.u.JMeterUtils: Setting Locale to en_EN
2023-07-11 18:32:30,496 INFO o.a.j.JMeter: Loading user properties from: C:\work\util\apache-jmeter-5.5\bin\user.properties
2023-07-11 18:32:30,497 INFO o.a.j.JMeter: Loading system properties from: C:\work\util\apache-jmeter-5.5\bin\system.properties
2023-07-11 18:32:30,505 INFO o.a.j.JMeter: Copyright (c) 1998-2022 The Apache Software Foundation
2023-07-11 18:32:30,505 INFO o.a.j.JMeter: Version 5.5
2023-07-11 18:32:30,505 INFO o.a.j.JMeter: java.version=18.0.2.1
2023-07-11 18:32:30,505 INFO o.a.j.JMeter: java.vm.name=Java HotSpot(TM) 64-Bit Server VM
2023-07-11 18:32:30,505 INFO o.a.j.JMeter: os.name=Windows 11
2023-07-11 18:32:30,505 INFO o.a.j.JMeter: os.arch=amd64
2023-07-11 18:32:30,505 INFO o.a.j.JMeter: os.version=10.0
2023-07-11 18:32:30,505 INFO o.a.j.JMeter: file.encoding=UTF-8
2023-07-11 18:32:30,505 INFO o.a.j.JMeter: java.awt.headless=true
2023-07-11 18:32:30,505 INFO o.a.j.JMeter: Max memory     =1073741824
2023-07-11 18:32:30,506 INFO o.a.j.JMeter: Available Processors =8
2023-07-11 18:32:30,516 INFO o.a.j.JMeter: Default Locale=English (EN)
2023-07-11 18:32:30,517 INFO o.a.j.JMeter: JMeter  Locale=English (EN)
2023-07-11 18:32:30,517 INFO o.a.j.JMeter: JMeterHome=C:\work\util\apache-jmeter-5.5
2023-07-11 18:32:30,517 INFO o.a.j.JMeter: user.dir  =C:\Users\saulo\Desktop\cqrs\jmetter
2023-07-11 18:32:30,517 INFO o.a.j.JMeter: PWD       =C:\Users\saulo\Desktop\cqrs\jmetter
2023-07-11 18:32:30,518 INFO o.a.j.JMeter: IP: 192.168.1.35 Name: LAPTOP-5SKR0D5R FullName: host.docker.internal
2023-07-11 18:32:30,531 INFO o.a.j.s.FileServer: Default base='C:\Users\saulo\Desktop\cqrs\jmetter'
2023-07-11 18:32:30,532 INFO o.a.j.s.FileServer: Set new base='C:\Users\saulo\Desktop\cqrs\jmetter'
2023-07-11 18:32:30,779 INFO o.a.j.s.SaveService: Testplan (JMX) version: 2.2. Testlog (JTL) version: 2.2
2023-07-11 18:32:30,815 INFO o.a.j.s.SaveService: Using SaveService properties version 5.0
2023-07-11 18:32:30,820 INFO o.a.j.s.SaveService: Using SaveService properties file encoding UTF-8
2023-07-11 18:32:30,825 INFO o.a.j.s.SaveService: Loading file: command-query.jmx
2023-07-11 18:32:30,895 INFO o.a.j.p.h.s.HTTPSamplerBase: Parser for text/html is org.apache.jmeter.protocol.http.parser.LagartoBasedHtmlParser
2023-07-11 18:32:30,896 INFO o.a.j.p.h.s.HTTPSamplerBase: Parser for application/xhtml+xml is org.apache.jmeter.protocol.http.parser.LagartoBasedHtmlParser
2023-07-11 18:32:30,896 INFO o.a.j.p.h.s.HTTPSamplerBase: Parser for application/xml is org.apache.jmeter.protocol.http.parser.LagartoBasedHtmlParser
2023-07-11 18:32:30,896 INFO o.a.j.p.h.s.HTTPSamplerBase: Parser for text/xml is org.apache.jmeter.protocol.http.parser.LagartoBasedHtmlParser
2023-07-11 18:32:30,896 INFO o.a.j.p.h.s.HTTPSamplerBase: Parser for text/vnd.wap.wml is org.apache.jmeter.protocol.http.parser.RegexpHTMLParser
2023-07-11 18:32:30,896 INFO o.a.j.p.h.s.HTTPSamplerBase: Parser for text/css is org.apache.jmeter.protocol.http.parser.CssParser
2023-07-11 18:32:30,908 INFO o.a.j.JMeter: Creating summariser <summary>
2023-07-11 18:32:30,923 INFO o.a.j.e.StandardJMeterEngine: Running the test!
2023-07-11 18:32:30,924 INFO o.a.j.s.SampleEvent: List of sample_variables: []
2023-07-11 18:32:30,924 INFO o.a.j.s.SampleEvent: List of sample_variables: []
2023-07-11 18:32:30,933 INFO o.a.j.e.u.CompoundVariable: Note: Function class names must contain the string: '.functions.'
2023-07-11 18:32:30,933 INFO o.a.j.e.u.CompoundVariable: Note: Function class names must not contain the string: '.gui.'
2023-07-11 18:32:31,007 INFO o.a.j.JMeter: Running test (1689093151007)
2023-07-11 18:32:31,025 INFO o.a.j.e.StandardJMeterEngine: Starting ThreadGroup: 1 : Thread Group
2023-07-11 18:32:31,025 INFO o.a.j.e.StandardJMeterEngine: Starting 100 threads for group Thread Group.
2023-07-11 18:32:31,025 INFO o.a.j.e.StandardJMeterEngine: Thread will continue on error
2023-07-11 18:32:31,026 INFO o.a.j.t.ThreadGroup: Starting thread group... number=1 threads=100 ramp-up=1 delayedStart=false
2023-07-11 18:32:31,035 INFO o.a.j.t.JMeterThread: Thread started: Thread Group 1-1
2023-07-11 18:32:31,041 INFO o.a.j.t.JMeterThread: Thread started: Thread Group 1-2
2023-07-11 18:32:31,051 INFO o.a.j.t.JMeterThread: Thread started: Thread Group 1-3
2023-07-11 18:32:31,060 INFO o.a.j.t.JMeterThread: Thread started: Thread Group 1-4
2023-07-11 18:32:31,062 INFO o.a.j.p.h.s.HTTPHCAbstractImpl: Local host = LAPTOP-5SKR0D5R
2023-07-11 18:32:31,069 INFO o.a.j.t.JMeterThread: Thread started: Thread Group 1-5
2023-07-11 18:32:31,071 INFO o.a.j.t.ThreadGroup: Started thread group number 1
2023-07-11 18:32:31,071 INFO o.a.j.e.StandardJMeterEngine: All thread groups have been started
2023-07-11 18:32:31,076 INFO o.a.j.p.h.s.HTTPHC4Impl: HTTP request retry count = 0
2023-07-11 18:32:31,078 INFO o.a.j.s.SampleResult: Note: Sample TimeStamps are START times
2023-07-11 18:32:31,078 INFO o.a.j.s.SampleResult: sampleresult.default.encoding is set to ISO-8859-1
2023-07-11 18:32:31,078 INFO o.a.j.s.SampleResult: sampleresult.useNanoTime=true
2023-07-11 18:32:31,078 INFO o.a.j.s.SampleResult: sampleresult.nanoThreadSleep=5000
2023-07-11 18:32:31,079 INFO o.a.j.t.JMeterThread: Thread started: Thread Group 1-6
2023-07-11 18:32:31,090 INFO o.a.j.t.JMeterThread: Thread started: Thread Group 1-7
2023-07-11 18:32:31,098 INFO o.a.j.t.JMeterThread: Thread started: Thread Group 1-8
2023-07-11 18:32:31,108 INFO o.a.j.t.JMeterThread: Thread started: Thread Group 1-9
2023-07-11 18:32:31,119 INFO o.a.j.t.JMeterThread: Thread started: Thread Group 1-10
2023-07-11 18:32:31,128 INFO o.a.j.t.JMeterThread: Thread started: Thread Group 1-11
2023-07-11 18:32:31,138 INFO o.a.j.t.JMeterThread: Thread started: Thread Group 1-12
2023-07-11 18:32:31,148 INFO o.a.j.t.JMeterThread: Thread started: Thread Group 1-13
2023-07-11 18:32:31,158 INFO o.a.j.t.JMeterThread: Thread started: Thread Group 1-14
2023-07-11 18:32:31,170 INFO o.a.j.t.JMeterThread: Thread started: Thread Group 1-15
2023-07-11 18:32:31,179 INFO o.a.j.t.JMeterThread: Thread started: Thread Group 1-16
2023-07-11 18:32:31,187 INFO o.a.j.t.JMeterThread: Thread started: Thread Group 1-17
2023-07-11 18:32:31,198 INFO o.a.j.t.JMeterThread: Thread started: Thread Group 1-18
2023-07-11 18:32:31,206 INFO o.a.j.t.JMeterThread: Thread started: Thread Group 1-19
2023-07-11 18:32:31,219 INFO o.a.j.t.JMeterThread: Thread started: Thread Group 1-20
2023-07-11 18:32:31,227 INFO o.a.j.t.JMeterThread: Thread started: Thread Group 1-21
2023-07-11 18:32:31,238 INFO o.a.j.t.JMeterThread: Thread started: Thread Group 1-22
2023-07-11 18:32:31,247 INFO o.a.j.t.JMeterThread: Thread started: Thread Group 1-23
2023-07-11 18:32:31,251 INFO o.a.j.r.Summariser: summary +      1 in 00:00:00 =    4.1/s Avg:    60 Min:    60 Max:    60 Err:     0 (0.00%) Active: 23 Started: 23 Finished: 0
2023-07-11 18:32:31,258 INFO o.a.j.t.JMeterThread: Thread started: Thread Group 1-24
2023-07-11 18:32:31,269 INFO o.a.j.t.JMeterThread: Thread started: Thread Group 1-25
2023-07-11 18:32:31,277 INFO o.a.j.t.JMeterThread: Thread started: Thread Group 1-26
2023-07-11 18:32:31,291 INFO o.a.j.t.JMeterThread: Thread started: Thread Group 1-27
2023-07-11 18:32:31,302 INFO o.a.j.t.JMeterThread: Thread started: Thread Group 1-28
2023-07-11 18:32:31,308 INFO o.a.j.t.JMeterThread: Thread started: Thread Group 1-29
2023-07-11 18:32:31,318 INFO o.a.j.t.JMeterThread: Thread started: Thread Group 1-30
2023-07-11 18:32:31,327 INFO o.a.j.t.JMeterThread: Thread started: Thread Group 1-31
2023-07-11 18:32:31,342 INFO o.a.j.t.JMeterThread: Thread started: Thread Group 1-32
2023-07-11 18:32:31,349 INFO o.a.j.t.JMeterThread: Thread started: Thread Group 1-33
2023-07-11 18:32:31,375 INFO o.a.j.t.JMeterThread: Thread started: Thread Group 1-35
2023-07-11 18:32:31,379 INFO o.a.j.t.JMeterThread: Thread started: Thread Group 1-34
2023-07-11 18:32:31,383 INFO o.a.j.t.JMeterThread: Thread started: Thread Group 1-36
2023-07-11 18:32:31,404 INFO o.a.j.t.JMeterThread: Thread started: Thread Group 1-37
2023-07-11 18:32:31,408 INFO o.a.j.t.JMeterThread: Thread started: Thread Group 1-39
2023-07-11 18:32:31,412 INFO o.a.j.t.JMeterThread: Thread started: Thread Group 1-38
2023-07-11 18:32:31,420 INFO o.a.j.t.JMeterThread: Thread started: Thread Group 1-40
2023-07-11 18:32:31,447 INFO o.a.j.t.JMeterThread: Thread started: Thread Group 1-41
2023-07-11 18:32:31,448 INFO o.a.j.t.JMeterThread: Thread started: Thread Group 1-42
2023-07-11 18:32:31,460 INFO o.a.j.t.JMeterThread: Thread started: Thread Group 1-43
2023-07-11 18:32:31,462 INFO o.a.j.t.JMeterThread: Thread started: Thread Group 1-44
2023-07-11 18:32:31,469 INFO o.a.j.t.JMeterThread: Thread started: Thread Group 1-45
2023-07-11 18:32:31,487 INFO o.a.j.t.JMeterThread: Thread started: Thread Group 1-46
2023-07-11 18:32:31,497 INFO o.a.j.t.JMeterThread: Thread started: Thread Group 1-47
2023-07-11 18:32:31,501 INFO o.a.j.t.JMeterThread: Thread started: Thread Group 1-48
2023-07-11 18:32:31,512 INFO o.a.j.t.JMeterThread: Thread started: Thread Group 1-49
2023-07-11 18:32:31,518 INFO o.a.j.t.JMeterThread: Thread started: Thread Group 1-50
2023-07-11 18:32:31,536 INFO o.a.j.t.JMeterThread: Thread started: Thread Group 1-51
2023-07-11 18:32:31,539 INFO o.a.j.t.JMeterThread: Thread started: Thread Group 1-52
2023-07-11 18:32:31,549 INFO o.a.j.t.JMeterThread: Thread started: Thread Group 1-53
2023-07-11 18:32:31,574 INFO o.a.j.t.JMeterThread: Thread started: Thread Group 1-54
2023-07-11 18:32:31,577 INFO o.a.j.t.JMeterThread: Thread started: Thread Group 1-55
2023-07-11 18:32:31,583 INFO o.a.j.t.JMeterThread: Thread started: Thread Group 1-56
2023-07-11 18:32:31,594 INFO o.a.j.t.JMeterThread: Thread started: Thread Group 1-57
2023-07-11 18:32:31,611 INFO o.a.j.t.JMeterThread: Thread started: Thread Group 1-58
2023-07-11 18:32:31,619 INFO o.a.j.t.JMeterThread: Thread started: Thread Group 1-59
2023-07-11 18:32:31,623 INFO o.a.j.t.JMeterThread: Thread started: Thread Group 1-60
2023-07-11 18:32:31,644 INFO o.a.j.t.JMeterThread: Thread started: Thread Group 1-61
2023-07-11 18:32:31,650 INFO o.a.j.t.JMeterThread: Thread started: Thread Group 1-62
2023-07-11 18:32:31,650 INFO o.a.j.t.JMeterThread: Thread started: Thread Group 1-63
2023-07-11 18:32:31,667 INFO o.a.j.t.JMeterThread: Thread started: Thread Group 1-65
2023-07-11 18:32:31,673 INFO o.a.j.t.JMeterThread: Thread started: Thread Group 1-64
2023-07-11 18:32:31,680 INFO o.a.j.t.JMeterThread: Thread started: Thread Group 1-66
2023-07-11 18:32:31,701 INFO o.a.j.t.JMeterThread: Thread started: Thread Group 1-67
2023-07-11 18:32:31,702 INFO o.a.j.t.JMeterThread: Thread started: Thread Group 1-68
2023-07-11 18:32:31,710 INFO o.a.j.t.JMeterThread: Thread started: Thread Group 1-69
2023-07-11 18:32:31,728 INFO o.a.j.t.JMeterThread: Thread started: Thread Group 1-70
2023-07-11 18:32:31,748 INFO o.a.j.t.JMeterThread: Thread started: Thread Group 1-73
2023-07-11 18:32:31,758 INFO o.a.j.t.JMeterThread: Thread started: Thread Group 1-71
2023-07-11 18:32:31,758 INFO o.a.j.t.JMeterThread: Thread started: Thread Group 1-72
2023-07-11 18:32:31,761 INFO o.a.j.t.JMeterThread: Thread started: Thread Group 1-74
2023-07-11 18:32:31,783 INFO o.a.j.t.JMeterThread: Thread started: Thread Group 1-75
2023-07-11 18:32:31,785 INFO o.a.j.t.JMeterThread: Thread started: Thread Group 1-76
2023-07-11 18:32:31,790 INFO o.a.j.t.JMeterThread: Thread started: Thread Group 1-77
2023-07-11 18:32:31,802 INFO o.a.j.t.JMeterThread: Thread started: Thread Group 1-78
2023-07-11 18:32:31,837 INFO o.a.j.t.JMeterThread: Thread started: Thread Group 1-81
2023-07-11 18:32:31,839 INFO o.a.j.t.JMeterThread: Thread started: Thread Group 1-82
2023-07-11 18:32:31,842 INFO o.a.j.t.JMeterThread: Thread started: Thread Group 1-79
2023-07-11 18:32:31,848 INFO o.a.j.t.JMeterThread: Thread started: Thread Group 1-80
2023-07-11 18:32:31,852 INFO o.a.j.t.JMeterThread: Thread started: Thread Group 1-83
2023-07-11 18:32:31,862 INFO o.a.j.t.JMeterThread: Thread started: Thread Group 1-84
2023-07-11 18:32:31,896 INFO o.a.j.t.JMeterThread: Thread started: Thread Group 1-85
2023-07-11 18:32:31,897 INFO o.a.j.t.JMeterThread: Thread started: Thread Group 1-86
2023-07-11 18:32:31,904 INFO o.a.j.t.JMeterThread: Thread started: Thread Group 1-87
2023-07-11 18:32:31,908 INFO o.a.j.t.JMeterThread: Thread started: Thread Group 1-89
2023-07-11 18:32:31,909 INFO o.a.j.t.JMeterThread: Thread started: Thread Group 1-88
2023-07-11 18:32:31,923 INFO o.a.j.t.JMeterThread: Thread started: Thread Group 1-90
2023-07-11 18:32:31,930 INFO o.a.j.t.JMeterThread: Thread started: Thread Group 1-91
2023-07-11 18:32:31,939 INFO o.a.j.t.JMeterThread: Thread started: Thread Group 1-92
2023-07-11 18:32:31,961 INFO o.a.j.t.JMeterThread: Thread started: Thread Group 1-94
2023-07-11 18:32:31,961 INFO o.a.j.t.JMeterThread: Thread started: Thread Group 1-93
2023-07-11 18:32:31,983 INFO o.a.j.t.JMeterThread: Thread started: Thread Group 1-95
2023-07-11 18:32:31,983 INFO o.a.j.t.JMeterThread: Thread started: Thread Group 1-96
2023-07-11 18:32:31,988 INFO o.a.j.t.JMeterThread: Thread started: Thread Group 1-97
2023-07-11 18:32:31,997 INFO o.a.j.t.JMeterThread: Thread started: Thread Group 1-98
2023-07-11 18:32:32,012 INFO o.a.j.t.JMeterThread: Thread started: Thread Group 1-99
2023-07-11 18:32:32,064 INFO o.a.j.t.JMeterThread: Thread started: Thread Group 1-100
2023-07-11 18:32:35,936 INFO o.a.j.t.JMeterThread: Thread is done: Thread Group 1-22
2023-07-11 18:32:35,936 INFO o.a.j.t.JMeterThread: Thread finished: Thread Group 1-22
2023-07-11 18:32:35,943 INFO o.a.j.t.JMeterThread: Thread is done: Thread Group 1-6
2023-07-11 18:32:35,943 INFO o.a.j.t.JMeterThread: Thread finished: Thread Group 1-6
2023-07-11 18:32:35,961 INFO o.a.j.t.JMeterThread: Thread is done: Thread Group 1-2
2023-07-11 18:32:35,962 INFO o.a.j.t.JMeterThread: Thread finished: Thread Group 1-2
2023-07-11 18:32:35,979 INFO o.a.j.t.JMeterThread: Thread is done: Thread Group 1-11
2023-07-11 18:32:35,980 INFO o.a.j.t.JMeterThread: Thread finished: Thread Group 1-11
2023-07-11 18:32:36,011 INFO o.a.j.t.JMeterThread: Thread is done: Thread Group 1-14
2023-07-11 18:32:36,011 INFO o.a.j.t.JMeterThread: Thread finished: Thread Group 1-14
2023-07-11 18:32:36,020 INFO o.a.j.t.JMeterThread: Thread is done: Thread Group 1-5
2023-07-11 18:32:36,020 INFO o.a.j.t.JMeterThread: Thread finished: Thread Group 1-5
2023-07-11 18:32:36,035 INFO o.a.j.t.JMeterThread: Thread is done: Thread Group 1-8
2023-07-11 18:32:36,035 INFO o.a.j.t.JMeterThread: Thread finished: Thread Group 1-8
2023-07-11 18:32:36,039 INFO o.a.j.t.JMeterThread: Thread is done: Thread Group 1-1
2023-07-11 18:32:36,039 INFO o.a.j.t.JMeterThread: Thread finished: Thread Group 1-1
2023-07-11 18:32:36,040 INFO o.a.j.t.JMeterThread: Thread is done: Thread Group 1-20
2023-07-11 18:32:36,040 INFO o.a.j.t.JMeterThread: Thread finished: Thread Group 1-20
2023-07-11 18:32:36,059 INFO o.a.j.t.JMeterThread: Thread is done: Thread Group 1-15
2023-07-11 18:32:36,061 INFO o.a.j.t.JMeterThread: Thread finished: Thread Group 1-15
2023-07-11 18:32:36,089 INFO o.a.j.t.JMeterThread: Thread is done: Thread Group 1-18
2023-07-11 18:32:36,090 INFO o.a.j.t.JMeterThread: Thread finished: Thread Group 1-18
2023-07-11 18:32:36,092 INFO o.a.j.t.JMeterThread: Thread is done: Thread Group 1-21
2023-07-11 18:32:36,092 INFO o.a.j.t.JMeterThread: Thread finished: Thread Group 1-21
2023-07-11 18:32:36,117 INFO o.a.j.t.JMeterThread: Thread is done: Thread Group 1-12
2023-07-11 18:32:36,118 INFO o.a.j.t.JMeterThread: Thread finished: Thread Group 1-12
2023-07-11 18:32:36,118 INFO o.a.j.t.JMeterThread: Thread is done: Thread Group 1-16
2023-07-11 18:32:36,119 INFO o.a.j.t.JMeterThread: Thread finished: Thread Group 1-16
2023-07-11 18:32:36,125 INFO o.a.j.t.JMeterThread: Thread is done: Thread Group 1-7
2023-07-11 18:32:36,125 INFO o.a.j.t.JMeterThread: Thread finished: Thread Group 1-7
2023-07-11 18:32:36,132 INFO o.a.j.t.JMeterThread: Thread is done: Thread Group 1-4
2023-07-11 18:32:36,133 INFO o.a.j.t.JMeterThread: Thread finished: Thread Group 1-4
2023-07-11 18:32:36,159 INFO o.a.j.t.JMeterThread: Thread is done: Thread Group 1-19
2023-07-11 18:32:36,159 INFO o.a.j.t.JMeterThread: Thread is done: Thread Group 1-29
2023-07-11 18:32:36,160 INFO o.a.j.t.JMeterThread: Thread finished: Thread Group 1-19
2023-07-11 18:32:36,160 INFO o.a.j.t.JMeterThread: Thread finished: Thread Group 1-29
2023-07-11 18:32:36,180 INFO o.a.j.t.JMeterThread: Thread is done: Thread Group 1-17
2023-07-11 18:32:36,180 INFO o.a.j.t.JMeterThread: Thread finished: Thread Group 1-17
2023-07-11 18:32:36,187 INFO o.a.j.t.JMeterThread: Thread is done: Thread Group 1-13
2023-07-11 18:32:36,187 INFO o.a.j.t.JMeterThread: Thread finished: Thread Group 1-13
2023-07-11 18:32:36,222 INFO o.a.j.t.JMeterThread: Thread is done: Thread Group 1-24
2023-07-11 18:32:36,222 INFO o.a.j.t.JMeterThread: Thread finished: Thread Group 1-24
2023-07-11 18:32:36,223 INFO o.a.j.t.JMeterThread: Thread is done: Thread Group 1-23
2023-07-11 18:32:36,224 INFO o.a.j.t.JMeterThread: Thread finished: Thread Group 1-23
2023-07-11 18:32:36,231 INFO o.a.j.t.JMeterThread: Thread is done: Thread Group 1-9
2023-07-11 18:32:36,231 INFO o.a.j.t.JMeterThread: Thread finished: Thread Group 1-9
2023-07-11 18:32:36,232 INFO o.a.j.t.JMeterThread: Thread is done: Thread Group 1-10
2023-07-11 18:32:36,232 INFO o.a.j.t.JMeterThread: Thread finished: Thread Group 1-10
2023-07-11 18:32:36,238 INFO o.a.j.t.JMeterThread: Thread is done: Thread Group 1-3
2023-07-11 18:32:36,239 INFO o.a.j.t.JMeterThread: Thread finished: Thread Group 1-3
2023-07-11 18:32:36,265 INFO o.a.j.t.JMeterThread: Thread is done: Thread Group 1-36
2023-07-11 18:32:36,267 INFO o.a.j.t.JMeterThread: Thread finished: Thread Group 1-36
2023-07-11 18:32:36,272 INFO o.a.j.t.JMeterThread: Thread is done: Thread Group 1-27
2023-07-11 18:32:36,272 INFO o.a.j.t.JMeterThread: Thread finished: Thread Group 1-27
2023-07-11 18:32:36,295 INFO o.a.j.t.JMeterThread: Thread is done: Thread Group 1-32
2023-07-11 18:32:36,295 INFO o.a.j.t.JMeterThread: Thread finished: Thread Group 1-32
2023-07-11 18:32:36,308 INFO o.a.j.t.JMeterThread: Thread is done: Thread Group 1-40
2023-07-11 18:32:36,308 INFO o.a.j.t.JMeterThread: Thread finished: Thread Group 1-40
2023-07-11 18:32:36,322 INFO o.a.j.t.JMeterThread: Thread is done: Thread Group 1-33
2023-07-11 18:32:36,322 INFO o.a.j.t.JMeterThread: Thread finished: Thread Group 1-33
2023-07-11 18:32:36,341 INFO o.a.j.t.JMeterThread: Thread is done: Thread Group 1-31
2023-07-11 18:32:36,341 INFO o.a.j.t.JMeterThread: Thread finished: Thread Group 1-31
2023-07-11 18:32:36,349 INFO o.a.j.t.JMeterThread: Thread is done: Thread Group 1-30
2023-07-11 18:32:36,349 INFO o.a.j.t.JMeterThread: Thread finished: Thread Group 1-30
2023-07-11 18:32:36,353 INFO o.a.j.t.JMeterThread: Thread is done: Thread Group 1-35
2023-07-11 18:32:36,353 INFO o.a.j.t.JMeterThread: Thread finished: Thread Group 1-35
2023-07-11 18:32:36,354 INFO o.a.j.t.JMeterThread: Thread is done: Thread Group 1-34
2023-07-11 18:32:36,354 INFO o.a.j.t.JMeterThread: Thread finished: Thread Group 1-34
2023-07-11 18:32:36,358 INFO o.a.j.t.JMeterThread: Thread is done: Thread Group 1-26
2023-07-11 18:32:36,359 INFO o.a.j.t.JMeterThread: Thread finished: Thread Group 1-26
2023-07-11 18:32:36,373 INFO o.a.j.t.JMeterThread: Thread is done: Thread Group 1-28
2023-07-11 18:32:36,373 INFO o.a.j.t.JMeterThread: Thread finished: Thread Group 1-28
2023-07-11 18:32:36,401 INFO o.a.j.t.JMeterThread: Thread is done: Thread Group 1-48
2023-07-11 18:32:36,401 INFO o.a.j.t.JMeterThread: Thread finished: Thread Group 1-48
2023-07-11 18:32:36,404 INFO o.a.j.t.JMeterThread: Thread is done: Thread Group 1-37
2023-07-11 18:32:36,404 INFO o.a.j.t.JMeterThread: Thread finished: Thread Group 1-37
2023-07-11 18:32:36,409 INFO o.a.j.t.JMeterThread: Thread is done: Thread Group 1-25
2023-07-11 18:32:36,409 INFO o.a.j.t.JMeterThread: Thread finished: Thread Group 1-25
2023-07-11 18:32:36,411 INFO o.a.j.t.JMeterThread: Thread is done: Thread Group 1-41
2023-07-11 18:32:36,411 INFO o.a.j.t.JMeterThread: Thread finished: Thread Group 1-41
2023-07-11 18:32:36,435 INFO o.a.j.t.JMeterThread: Thread is done: Thread Group 1-45
2023-07-11 18:32:36,435 INFO o.a.j.t.JMeterThread: Thread finished: Thread Group 1-45
2023-07-11 18:32:36,438 INFO o.a.j.t.JMeterThread: Thread is done: Thread Group 1-39
2023-07-11 18:32:36,438 INFO o.a.j.t.JMeterThread: Thread finished: Thread Group 1-39
2023-07-11 18:32:36,442 INFO o.a.j.t.JMeterThread: Thread is done: Thread Group 1-43
2023-07-11 18:32:36,443 INFO o.a.j.t.JMeterThread: Thread finished: Thread Group 1-43
2023-07-11 18:32:36,462 INFO o.a.j.t.JMeterThread: Thread is done: Thread Group 1-42
2023-07-11 18:32:36,462 INFO o.a.j.t.JMeterThread: Thread finished: Thread Group 1-42
2023-07-11 18:32:36,469 INFO o.a.j.t.JMeterThread: Thread is done: Thread Group 1-47
2023-07-11 18:32:36,469 INFO o.a.j.t.JMeterThread: Thread finished: Thread Group 1-47
2023-07-11 18:32:36,472 INFO o.a.j.t.JMeterThread: Thread is done: Thread Group 1-44
2023-07-11 18:32:36,472 INFO o.a.j.t.JMeterThread: Thread finished: Thread Group 1-44
2023-07-11 18:32:36,474 INFO o.a.j.t.JMeterThread: Thread is done: Thread Group 1-46
2023-07-11 18:32:36,474 INFO o.a.j.t.JMeterThread: Thread finished: Thread Group 1-46
2023-07-11 18:32:36,479 INFO o.a.j.t.JMeterThread: Thread is done: Thread Group 1-53
2023-07-11 18:32:36,480 INFO o.a.j.t.JMeterThread: Thread finished: Thread Group 1-53
2023-07-11 18:32:36,497 INFO o.a.j.t.JMeterThread: Thread is done: Thread Group 1-57
2023-07-11 18:32:36,497 INFO o.a.j.t.JMeterThread: Thread finished: Thread Group 1-57
2023-07-11 18:32:36,498 INFO o.a.j.t.JMeterThread: Thread is done: Thread Group 1-38
2023-07-11 18:32:36,499 INFO o.a.j.t.JMeterThread: Thread finished: Thread Group 1-38
2023-07-11 18:32:36,501 INFO o.a.j.t.JMeterThread: Thread is done: Thread Group 1-72
2023-07-11 18:32:36,501 INFO o.a.j.t.JMeterThread: Thread finished: Thread Group 1-72
2023-07-11 18:32:36,525 INFO o.a.j.t.JMeterThread: Thread is done: Thread Group 1-60
2023-07-11 18:32:36,526 INFO o.a.j.t.JMeterThread: Thread finished: Thread Group 1-60
2023-07-11 18:32:36,529 INFO o.a.j.t.JMeterThread: Thread is done: Thread Group 1-51
2023-07-11 18:32:36,529 INFO o.a.j.t.JMeterThread: Thread finished: Thread Group 1-51
2023-07-11 18:32:36,532 INFO o.a.j.t.JMeterThread: Thread is done: Thread Group 1-58
2023-07-11 18:32:36,532 INFO o.a.j.t.JMeterThread: Thread finished: Thread Group 1-58
2023-07-11 18:32:36,533 INFO o.a.j.t.JMeterThread: Thread is done: Thread Group 1-62
2023-07-11 18:32:36,533 INFO o.a.j.t.JMeterThread: Thread finished: Thread Group 1-62
2023-07-11 18:32:36,541 INFO o.a.j.t.JMeterThread: Thread is done: Thread Group 1-79
2023-07-11 18:32:36,542 INFO o.a.j.t.JMeterThread: Thread finished: Thread Group 1-79
2023-07-11 18:32:36,551 INFO o.a.j.t.JMeterThread: Thread is done: Thread Group 1-61
2023-07-11 18:32:36,551 INFO o.a.j.t.JMeterThread: Thread finished: Thread Group 1-61
2023-07-11 18:32:36,552 INFO o.a.j.t.JMeterThread: Thread is done: Thread Group 1-50
2023-07-11 18:32:36,553 INFO o.a.j.t.JMeterThread: Thread finished: Thread Group 1-50
2023-07-11 18:32:36,556 INFO o.a.j.t.JMeterThread: Thread is done: Thread Group 1-78
2023-07-11 18:32:36,557 INFO o.a.j.t.JMeterThread: Thread finished: Thread Group 1-78
2023-07-11 18:32:36,560 INFO o.a.j.t.JMeterThread: Thread is done: Thread Group 1-59
2023-07-11 18:32:36,560 INFO o.a.j.t.JMeterThread: Thread finished: Thread Group 1-59
2023-07-11 18:32:36,563 INFO o.a.j.t.JMeterThread: Thread is done: Thread Group 1-52
2023-07-11 18:32:36,563 INFO o.a.j.t.JMeterThread: Thread finished: Thread Group 1-52
2023-07-11 18:32:36,573 INFO o.a.j.t.JMeterThread: Thread is done: Thread Group 1-55
2023-07-11 18:32:36,573 INFO o.a.j.t.JMeterThread: Thread finished: Thread Group 1-55
2023-07-11 18:32:36,578 INFO o.a.j.t.JMeterThread: Thread is done: Thread Group 1-64
2023-07-11 18:32:36,578 INFO o.a.j.t.JMeterThread: Thread finished: Thread Group 1-64
2023-07-11 18:32:36,584 INFO o.a.j.t.JMeterThread: Thread is done: Thread Group 1-70
2023-07-11 18:32:36,584 INFO o.a.j.t.JMeterThread: Thread finished: Thread Group 1-70
2023-07-11 18:32:36,592 INFO o.a.j.t.JMeterThread: Thread is done: Thread Group 1-49
2023-07-11 18:32:36,592 INFO o.a.j.t.JMeterThread: Thread finished: Thread Group 1-49
2023-07-11 18:32:36,596 INFO o.a.j.t.JMeterThread: Thread is done: Thread Group 1-69
2023-07-11 18:32:36,596 INFO o.a.j.t.JMeterThread: Thread finished: Thread Group 1-69
2023-07-11 18:32:36,597 INFO o.a.j.t.JMeterThread: Thread is done: Thread Group 1-80
2023-07-11 18:32:36,598 INFO o.a.j.t.JMeterThread: Thread finished: Thread Group 1-80
2023-07-11 18:32:36,598 INFO o.a.j.t.JMeterThread: Thread is done: Thread Group 1-54
2023-07-11 18:32:36,598 INFO o.a.j.t.JMeterThread: Thread finished: Thread Group 1-54
2023-07-11 18:32:36,598 INFO o.a.j.t.JMeterThread: Thread is done: Thread Group 1-77
2023-07-11 18:32:36,598 INFO o.a.j.t.JMeterThread: Thread finished: Thread Group 1-77
2023-07-11 18:32:36,606 INFO o.a.j.t.JMeterThread: Thread is done: Thread Group 1-63
2023-07-11 18:32:36,606 INFO o.a.j.t.JMeterThread: Thread finished: Thread Group 1-63
2023-07-11 18:32:36,607 INFO o.a.j.t.JMeterThread: Thread is done: Thread Group 1-68
2023-07-11 18:32:36,607 INFO o.a.j.t.JMeterThread: Thread finished: Thread Group 1-68
2023-07-11 18:32:36,608 INFO o.a.j.t.JMeterThread: Thread is done: Thread Group 1-75
2023-07-11 18:32:36,608 INFO o.a.j.t.JMeterThread: Thread finished: Thread Group 1-75
2023-07-11 18:32:36,612 INFO o.a.j.t.JMeterThread: Thread is done: Thread Group 1-76
2023-07-11 18:32:36,612 INFO o.a.j.t.JMeterThread: Thread finished: Thread Group 1-76
2023-07-11 18:32:36,624 INFO o.a.j.t.JMeterThread: Thread is done: Thread Group 1-56
2023-07-11 18:32:36,624 INFO o.a.j.t.JMeterThread: Thread finished: Thread Group 1-56
2023-07-11 18:32:36,626 INFO o.a.j.t.JMeterThread: Thread is done: Thread Group 1-66
2023-07-11 18:32:36,626 INFO o.a.j.t.JMeterThread: Thread is done: Thread Group 1-71
2023-07-11 18:32:36,626 INFO o.a.j.t.JMeterThread: Thread finished: Thread Group 1-71
2023-07-11 18:32:36,626 INFO o.a.j.t.JMeterThread: Thread finished: Thread Group 1-66
2023-07-11 18:32:36,628 INFO o.a.j.t.JMeterThread: Thread is done: Thread Group 1-67
2023-07-11 18:32:36,628 INFO o.a.j.t.JMeterThread: Thread finished: Thread Group 1-67
2023-07-11 18:32:36,633 INFO o.a.j.t.JMeterThread: Thread is done: Thread Group 1-97
2023-07-11 18:32:36,634 INFO o.a.j.t.JMeterThread: Thread finished: Thread Group 1-97
2023-07-11 18:32:36,634 INFO o.a.j.t.JMeterThread: Thread is done: Thread Group 1-74
2023-07-11 18:32:36,634 INFO o.a.j.t.JMeterThread: Thread finished: Thread Group 1-74
2023-07-11 18:32:36,635 INFO o.a.j.t.JMeterThread: Thread is done: Thread Group 1-92
2023-07-11 18:32:36,635 INFO o.a.j.t.JMeterThread: Thread finished: Thread Group 1-92
2023-07-11 18:32:36,637 INFO o.a.j.t.JMeterThread: Thread is done: Thread Group 1-82
2023-07-11 18:32:36,638 INFO o.a.j.t.JMeterThread: Thread finished: Thread Group 1-82
2023-07-11 18:32:36,638 INFO o.a.j.t.JMeterThread: Thread is done: Thread Group 1-73
2023-07-11 18:32:36,638 INFO o.a.j.t.JMeterThread: Thread finished: Thread Group 1-73
2023-07-11 18:32:36,654 INFO o.a.j.t.JMeterThread: Thread is done: Thread Group 1-85
2023-07-11 18:32:36,654 INFO o.a.j.t.JMeterThread: Thread finished: Thread Group 1-85
2023-07-11 18:32:36,655 INFO o.a.j.t.JMeterThread: Thread is done: Thread Group 1-91
2023-07-11 18:32:36,656 INFO o.a.j.t.JMeterThread: Thread finished: Thread Group 1-91
2023-07-11 18:32:36,656 INFO o.a.j.t.JMeterThread: Thread is done: Thread Group 1-84
2023-07-11 18:32:36,656 INFO o.a.j.t.JMeterThread: Thread finished: Thread Group 1-84
2023-07-11 18:32:36,657 INFO o.a.j.t.JMeterThread: Thread is done: Thread Group 1-86
2023-07-11 18:32:36,657 INFO o.a.j.t.JMeterThread: Thread finished: Thread Group 1-86
2023-07-11 18:32:36,659 INFO o.a.j.t.JMeterThread: Thread is done: Thread Group 1-93
2023-07-11 18:32:36,660 INFO o.a.j.t.JMeterThread: Thread finished: Thread Group 1-93
2023-07-11 18:32:36,660 INFO o.a.j.t.JMeterThread: Thread is done: Thread Group 1-65
2023-07-11 18:32:36,660 INFO o.a.j.t.JMeterThread: Thread finished: Thread Group 1-65
2023-07-11 18:32:36,661 INFO o.a.j.t.JMeterThread: Thread is done: Thread Group 1-83
2023-07-11 18:32:36,661 INFO o.a.j.t.JMeterThread: Thread finished: Thread Group 1-83
2023-07-11 18:32:36,667 INFO o.a.j.t.JMeterThread: Thread is done: Thread Group 1-81
2023-07-11 18:32:36,667 INFO o.a.j.t.JMeterThread: Thread is done: Thread Group 1-88
2023-07-11 18:32:36,667 INFO o.a.j.t.JMeterThread: Thread finished: Thread Group 1-88
2023-07-11 18:32:36,667 INFO o.a.j.t.JMeterThread: Thread finished: Thread Group 1-81
2023-07-11 18:32:36,669 INFO o.a.j.t.JMeterThread: Thread is done: Thread Group 1-89
2023-07-11 18:32:36,669 INFO o.a.j.t.JMeterThread: Thread is done: Thread Group 1-95
2023-07-11 18:32:36,669 INFO o.a.j.t.JMeterThread: Thread finished: Thread Group 1-89
2023-07-11 18:32:36,669 INFO o.a.j.t.JMeterThread: Thread finished: Thread Group 1-95
2023-07-11 18:32:36,671 INFO o.a.j.t.JMeterThread: Thread is done: Thread Group 1-87
2023-07-11 18:32:36,671 INFO o.a.j.t.JMeterThread: Thread finished: Thread Group 1-87
2023-07-11 18:32:36,678 INFO o.a.j.t.JMeterThread: Thread is done: Thread Group 1-94
2023-07-11 18:32:36,679 INFO o.a.j.t.JMeterThread: Thread is done: Thread Group 1-98
2023-07-11 18:32:36,679 INFO o.a.j.t.JMeterThread: Thread finished: Thread Group 1-98
2023-07-11 18:32:36,679 INFO o.a.j.t.JMeterThread: Thread finished: Thread Group 1-94
2023-07-11 18:32:36,680 INFO o.a.j.t.JMeterThread: Thread is done: Thread Group 1-90
2023-07-11 18:32:36,680 INFO o.a.j.t.JMeterThread: Thread finished: Thread Group 1-90
2023-07-11 18:32:36,686 INFO o.a.j.t.JMeterThread: Thread is done: Thread Group 1-100
2023-07-11 18:32:36,686 INFO o.a.j.t.JMeterThread: Thread is done: Thread Group 1-96
2023-07-11 18:32:36,686 INFO o.a.j.t.JMeterThread: Thread finished: Thread Group 1-100
2023-07-11 18:32:36,686 INFO o.a.j.t.JMeterThread: Thread finished: Thread Group 1-96
2023-07-11 18:32:36,686 INFO o.a.j.t.JMeterThread: Thread is done: Thread Group 1-99
2023-07-11 18:32:36,686 INFO o.a.j.t.JMeterThread: Thread finished: Thread Group 1-99
2023-07-11 18:32:36,687 INFO o.a.j.e.StandardJMeterEngine: Notifying test listeners of end of test
2023-07-11 18:32:36,688 INFO o.a.j.r.Summariser: summary +   9999 in 00:00:05 = 1838.4/s Avg:    47 Min:     3 Max:   124 Err:     0 (0.00%) Active: 0 Started: 100 Finished: 100
2023-07-11 18:32:36,689 INFO o.a.j.r.Summariser: summary =  10000 in 00:00:06 = 1759.9/s Avg:    47 Min:     3 Max:   124 Err:     0 (0.00%)
